07-27-16 23:05:17 process_comp_code.php [1] POST Data - comp_code: JulieSuperStudent | reg_id: 1141 | user_id: 1425 | event_id: 29 
07-27-16 23:05:17 process_comp_code.php [2] code_id: 60 | code_price: 0.00 | code_price_id: 144 | summary: Comp Code for July Super Students | uses: 0 | code_count: 0 
07-27-16 23:05:17 process_comp_code.php [3] price: 0.00 | valid_code: 60 | item: Comp Code for July Super Students Comp for given event (29). | status: Comped-Comp Code for July Super Students 
07-27-16 23:05:17 process_comp_code.php [4] Valid Code applied to registration 
07-27-16 23:05:19 process_comp_code.php [1] POST Data - comp_code:  | reg_id:  | user_id:  | event_id:  
07-27-16 23:06:03 process_comp_code.php [1] POST Data - comp_code:  | reg_id:  | user_id:  | event_id:  
07-27-16 23:06:04 process_comp_code.php [1] POST Data - comp_code:  | reg_id:  | user_id:  | event_id:  
07-27-16 23:18:38 process_user.php File used to process a user1433 
07-27-16 23:27:48 process_comp_code.php [1] POST Data - comp_code: Committee16 | reg_id: 1138 | user_id: 1425 | event_id: 28 
07-27-16 23:27:48 process_comp_code.php [2] code_id: 51 | code_price: 0.00 | code_price_id: 140 | summary: Comp Code for Committee | uses: 20 | code_count: 1 
07-27-16 23:27:48 process_comp_code.php [3] price: 0.00 | valid_code: 51 | item: Comp Code for Committee Comp for given event (28). | status: Comped-Comp Code for Committee 
07-27-16 23:27:48 process_comp_code.php [4] Valid Code applied to registration 
07-27-16 23:27:50 process_comp_code.php [1] POST Data - comp_code:  | reg_id:  | user_id:  | event_id:  
07-28-16 14:27:08 process_user.php File used to process a user1540 
07-29-16 15:09:21 process_user.php File used to process a user1392 
07-31-16 13:09:52 process_user.php File used to process a user3 
07-31-16 13:11:45 process_user.php File used to process a user3 
07-31-16 13:14:26 process_comp_code.php [1] POST Data - comp_code: Core16 | reg_id: 1149 | user_id: 3 | event_id: 28 
07-31-16 13:14:26 process_comp_code.php [2] code_id: 47 | code_price: 0.00 | code_price_id: 140 | summary: Comp Code for Core Committee | uses: 5 | code_count: 2 
07-31-16 13:14:26 process_comp_code.php [3] price: 0.00 | valid_code: 47 | item: Comp Code for Core Committee Comp for given event (28). | status: Comped-Comp Code for Core Committee 
07-31-16 13:14:26 process_comp_code.php [4] Valid Code applied to registration 
07-31-16 13:14:28 process_comp_code.php [1] POST Data - comp_code:  | reg_id:  | user_id:  | event_id:  
07-31-16 13:15:46 process_user.php File used to process a user3 
07-31-16 13:15:59 process_comp_code.php [1] POST Data - comp_code: Core16 | reg_id: 1150 | user_id: 3 | event_id: 28 
07-31-16 13:15:59 process_comp_code.php [2] code_id: 47 | code_price: 0.00 | code_price_id: 140 | summary: Comp Code for Core Committee | uses: 5 | code_count: 2 
07-31-16 13:15:59 process_comp_code.php [3] price: 0.00 | valid_code: 47 | item: Comp Code for Core Committee Comp for given event (28). | status: Comped-Comp Code for Core Committee 
07-31-16 13:15:59 process_comp_code.php [4] Valid Code applied to registration 
07-31-16 13:16:00 process_comp_code.php [1] POST Data - comp_code:  | reg_id:  | user_id:  | event_id:  
07-31-16 13:17:42 process_user.php File used to process a user3 
07-31-16 13:17:54 process_comp_code.php [1] POST Data - comp_code: Core16 | reg_id: 1151 | user_id: 3 | event_id: 28 
07-31-16 13:17:54 process_comp_code.php [2] code_id: 47 | code_price: 0.00 | code_price_id: 140 | summary: Comp Code for Core Committee | uses: 5 | code_count: 2 
07-31-16 13:17:54 process_comp_code.php [3] price: 0.00 | valid_code: 47 | item: Comp Code for Core Committee Comp for given event (28). | status: Comped-Comp Code for Core Committee 
07-31-16 13:17:54 process_comp_code.php [4] Valid Code applied to registration 
07-31-16 13:17:55 process_comp_code.php [1] POST Data - comp_code:  | reg_id:  | user_id:  | event_id:  
08-01-16 09:44:03 process_user.php File used to process a user1358 
08-01-16 18:46:57 process_user.php File used to process a user1433 
08-02-16 12:45:10 process_user.php File used to process a user224 
08-02-16 18:49:54 process_comp_code.php [1] POST Data - comp_code:  | reg_id:  | user_id:  | event_id:  
08-03-16 23:37:02 process_user.php File used to process a user1506 
08-04-16 12:55:23 process_user.php File used to process a user1541 
08-04-16 14:23:18 process_user.php File used to process a user1542 
08-04-16 18:31:28 process_user.php File used to process a user359 
08-05-16 15:10:32 process_user.php File used to process a user1526 
08-06-16 01:03:49 process_user.php File used to process a user1543 
08-07-16 21:40:39 process_user.php File used to process a user1500 
08-08-16 19:17:42 process_user.php File used to process a user141 
08-09-16 12:37:08 process_user.php File used to process a user167 
08-09-16 12:56:34 process_user.php File used to process a user211 
08-09-16 15:45:12 process_user.php File used to process a user395 
08-09-16 17:57:02 process_user.php File used to process a user33 
08-10-16 00:31:27 process_user.php File used to process a user1544 
08-10-16 10:36:41 process_user.php File used to process a user800 
08-10-16 15:43:15 process_user.php File used to process a user365 
08-10-16 19:12:02 process_comp_code.php [1] POST Data - comp_code: JulieSuperStudent | reg_id: 1144 | user_id: 1499 | event_id: 29 
08-10-16 19:12:02 process_comp_code.php [2] code_id: 60 | code_price: 0.00 | code_price_id: 144 | summary: Comp Code for July Super Students | uses: 0 | code_count: 0 
08-10-16 19:12:02 process_comp_code.php [3] price: 0.00 | valid_code: 60 | item: Comp Code for July Super Students Comp for given event (29). | status: Comped-Comp Code for July Super Students 
08-10-16 19:12:02 process_comp_code.php [4] Valid Code applied to registration 
08-10-16 19:12:03 process_comp_code.php [1] POST Data - comp_code:  | reg_id:  | user_id:  | event_id:  
08-10-16 22:16:15 process_user.php File used to process a user390 
08-11-16 04:45:01 process_user.php File used to process a user191 
08-12-16 12:38:47 process_user.php File used to process a user394 
08-12-16 19:12:21 process_user.php File used to process a user1431 
08-12-16 19:48:24 process_user.php File used to process a user1470 
08-14-16 19:08:53 process_user.php File used to process a user304 
08-15-16 18:51:23 process_user.php File used to process a user1545 
08-16-16 01:02:29 process_user.php File used to process a user1297 
08-17-16 00:02:19 process_user.php File used to process a user1367 
08-17-16 07:30:38 process_user.php File used to process a user1546 
08-17-16 11:10:57 process_user.php File used to process a user1547 
08-17-16 16:04:41 process_user.php File used to process a user187 
08-18-16 20:21:43 process_user.php File used to process a user1548 
08-19-16 05:27:17 process_user.php File used to process a user1549 
08-21-16 13:13:37 process_user.php File used to process a user16 
08-22-16 00:01:11 process_user.php File used to process a user1550 
08-22-16 19:44:41 process_user.php File used to process a user154 
08-22-16 23:36:56 process_user.php File used to process a user1551 
08-22-16 23:44:06 process_user.php File used to process a user690 
08-23-16 12:27:23 process_user.php File used to process a user1552 
08-23-16 14:46:06 process_user.php File used to process a user241 
08-23-16 17:49:04 process_user.php File used to process a user28 
08-25-16 02:32:04 process_user.php File used to process a user355 
08-25-16 06:38:26 process_user.php File used to process a user1553 
08-27-16 17:57:29 process_user.php File used to process a user85 
08-27-16 21:05:16 process_user.php File used to process a user393 
08-30-16 11:11:52 process_user.php File used to process a user269 
08-30-16 12:08:59 process_user.php File used to process a user231 
08-30-16 14:54:25 process_user.php File used to process a user394 
08-31-16 22:20:14 process_user.php File used to process a user1554 
09-06-16 16:39:40 process_user.php File used to process a user369 
09-06-16 20:05:13 process_user.php File used to process a user1346 
09-08-16 10:10:35 process_user.php File used to process a user210 
09-08-16 22:31:53 process_user.php File used to process a user287 
09-12-16 00:29:03 process_user.php File used to process a user1555 
09-12-16 11:10:36 process_user.php File used to process a user163 
09-12-16 18:01:05 process_user.php File used to process a user159 
09-13-16 11:50:46 process_user.php File used to process a user1556 
09-13-16 14:27:23 process_user.php File used to process a user176 
09-14-16 05:22:22 process_user.php File used to process a user1557 
09-14-16 12:21:50 process_user.php File used to process a user259 
09-16-16 09:50:02 process_user.php File used to process a user1558 
09-16-16 11:18:00 process_user.php File used to process a user1431 
09-16-16 11:56:45 process_user.php File used to process a user1559 
09-18-16 07:43:32 process_user.php File used to process a user1560 
09-18-16 11:11:55 process_user.php File used to process a user699 
09-18-16 22:27:52 process_user.php File used to process a user1561 
09-19-16 10:38:59 process_user.php File used to process a user24 
09-20-16 20:18:26 process_user.php File used to process a user1562 
09-21-16 10:24:58 process_user.php File used to process a user1563 
09-21-16 10:55:20 process_user.php File used to process a user1277 
09-21-16 11:30:54 process_user.php File used to process a user1564 
09-21-16 16:34:51 process_user.php File used to process a user213 
09-22-16 06:27:52 process_user.php File used to process a user1385 
09-22-16 06:30:51 process_user.php File used to process a user1386 
09-22-16 13:34:18 process_user.php File used to process a user256 
09-22-16 17:27:31 process_user.php File used to process a user1565 
09-22-16 17:37:05 process_user.php File used to process a user1566 
09-22-16 18:30:05 process_user.php File used to process a user232 
09-23-16 17:32:14 process_user.php File used to process a user188 
09-23-16 17:54:37 process_user.php File used to process a user1567 
09-24-16 00:22:33 process_user.php File used to process a user1568 
09-24-16 13:15:59 process_user.php File used to process a user1206 
09-24-16 17:56:49 process_user.php File used to process a user329 
09-24-16 19:59:09 process_user.php File used to process a user1569 
09-25-16 17:34:09 process_user.php File used to process a user73 
09-26-16 08:02:36 process_user.php File used to process a user1570 
09-26-16 08:04:20 process_user.php File used to process a user1571 
09-26-16 10:33:19 process_user.php File used to process a user1572 
09-26-16 21:34:26 process_user.php File used to process a user228 
09-27-16 10:12:55 process_user.php File used to process a user3 
09-27-16 14:02:26 process_user.php File used to process a user206 
09-27-16 14:03:18 process_user.php File used to process a user159 
09-27-16 14:05:44 process_user.php File used to process a user362 
09-27-16 14:06:09 process_user.php File used to process a user211 
09-27-16 14:28:11 process_user.php File used to process a user1573 
09-27-16 14:28:25 process_comp_code.php [1] POST Data - comp_code: MHBlues16 | reg_id: 1245 | user_id: 1573 | event_id: 28 
09-27-16 14:28:25 process_comp_code.php [2] code_id: 64 | code_price: 0.00 | code_price_id: 140 | summary: Comp Code for Mile High Blues 2016 Comp Winners | uses: 2 | code_count: 2 
09-27-16 14:28:29 process_comp_code.php [1] POST Data - comp_code:  | reg_id:  | user_id:  | event_id:  
09-27-16 14:28:50 process_comp_code.php [1] POST Data - comp_code: MHB2016 | reg_id: 1245 | user_id: 1573 | event_id: 28 
09-27-16 14:28:50 process_comp_code.php [2] code_id:  | code_price:  | code_price_id:  | summary:  | uses:  | code_count: 0 
09-27-16 14:28:52 process_comp_code.php [1] POST Data - comp_code:  | reg_id:  | user_id:  | event_id:  
09-27-16 14:33:38 process_user.php File used to process a user1574 
09-27-16 17:02:31 process_comp_code.php [1] POST Data - comp_code:  | reg_id:  | user_id:  | event_id:  
09-27-16 17:02:38 process_comp_code.php [1] POST Data - comp_code:  | reg_id:  | user_id:  | event_id:  
09-27-16 18:36:52 process_user.php File used to process a user1520 
09-27-16 19:36:33 process_user.php File used to process a user1575 
09-28-16 12:06:56 process_user.php File used to process a user1576 
09-28-16 13:28:26 process_user.php File used to process a user1577 
09-29-16 09:11:46 process_user.php File used to process a user1578 
09-29-16 09:59:08 process_user.php File used to process a user1578 
09-29-16 14:12:50 process_user.php File used to process a user698 
09-29-16 20:20:26 process_user.php File used to process a user1579 
09-29-16 23:26:10 process_user.php File used to process a user1392 
09-29-16 23:31:02 process_comp_code.php [1] POST Data - comp_code: 15Jill16 | reg_id: 1255 | user_id: 1392 | event_id: 30 
09-29-16 23:31:02 process_comp_code.php [2] code_id: 56 | code_price: 0.00 | code_price_id: 140 | summary: Comp Code for 2015 Jill Comp Winners | uses: 3 | code_count: 2 
09-29-16 23:31:02 process_comp_code.php [3] price: 0.00 | valid_code: 56 | item: Comp Code for 2015 Jill Comp Winners Comp for given event (30). | status: Comped-Comp Code for 2015 Jill Comp Winners 
09-29-16 23:31:02 process_comp_code.php [4] Valid Code applied to registration 
09-29-16 23:31:05 process_comp_code.php [1] POST Data - comp_code:  | reg_id:  | user_id:  | event_id:  
09-29-16 23:52:15 process_user.php File used to process a user1580 
09-30-16 05:20:44 process_user.php File used to process a user1581 
09-30-16 12:59:28 process_user.php File used to process a user33 
09-30-16 13:38:11 process_user.php File used to process a user1555 
09-30-16 13:39:09 process_comp_code.php [1] POST Data - comp_code: MHBlues16 | reg_id: 1259 | user_id: 1555 | event_id: 30 
09-30-16 13:39:09 process_comp_code.php [2] code_id: 64 | code_price: 0.00 | code_price_id: 140 | summary: Comp Code for Mile High Blues 2016 Comp Winners | uses: 2 | code_count: 2 
09-30-16 13:39:11 process_comp_code.php [1] POST Data - comp_code:  | reg_id:  | user_id:  | event_id:  
09-30-16 13:39:27 process_comp_code.php [1] POST Data - comp_code: MHBlues16 | reg_id: 1259 | user_id: 1555 | event_id: 30 
09-30-16 13:39:27 process_comp_code.php [2] code_id: 64 | code_price: 0.00 | code_price_id: 140 | summary: Comp Code for Mile High Blues 2016 Comp Winners | uses: 2 | code_count: 2 
09-30-16 13:39:28 process_comp_code.php [1] POST Data - comp_code:  | reg_id:  | user_id:  | event_id:  
09-30-16 14:26:49 process_comp_code.php [1] POST Data - comp_code: MHBlues16 | reg_id: 1245 | user_id: 1573 | event_id: 28 
09-30-16 14:26:49 process_comp_code.php [2] code_id: 64 | code_price: 0.00 | code_price_id: 140 | summary: Comp Code for Mile High Blues 2016 Comp Winners | uses: 2 | code_count: 2 
09-30-16 14:26:50 process_comp_code.php [1] POST Data - comp_code:  | reg_id:  | user_id:  | event_id:  
09-30-16 23:01:26 process_user.php File used to process a user200 
09-30-16 23:20:11 process_user.php File used to process a user1582 
10-01-16 00:49:30 process_comp_code.php [1] POST Data - comp_code:  | reg_id:  | user_id:  | event_id:  
10-01-16 00:49:35 process_comp_code.php [1] POST Data - comp_code:  | reg_id:  | user_id:  | event_id:  
10-01-16 00:49:57 process_comp_code.php [1] POST Data - comp_code:  | reg_id:  | user_id:  | event_id:  
10-01-16 00:49:59 process_comp_code.php [1] POST Data - comp_code:  | reg_id:  | user_id:  | event_id:  
10-01-16 00:51:20 process_comp_code.php [1] POST Data - comp_code: MHBlues16 | reg_id: 1245 | user_id: 1573 | event_id: 28 
10-01-16 00:51:20 process_comp_code.php [2] code_id: 64 | code_price: 0.00 | code_price_id: 140 | summary: Comp Code for Mile High Blues 2016 Comp Winners | uses: 3 | code_count: 2 
10-01-16 00:51:20 process_comp_code.php [3] price: 0.00 | valid_code: 64 | item: Comp Code for Mile High Blues 2016 Comp Winners Comp for given event (28). | status: Comped-Comp Code for Mile High Blues 2016 Comp Winners 
10-01-16 00:51:20 process_comp_code.php [4] Valid Code applied to registration 
10-01-16 00:51:21 process_comp_code.php [1] POST Data - comp_code:  | reg_id:  | user_id:  | event_id:  
10-01-16 12:58:25 process_user.php File used to process a user173 
10-04-16 10:48:31 process_user.php File used to process a user75 
10-04-16 15:15:08 process_user.php File used to process a user163 
10-04-16 15:15:39 process_comp_code.php [1] POST Data - comp_code: SBB2016 | reg_id: 1264 | user_id: 163 | event_id: 30 
10-04-16 15:15:39 process_comp_code.php [2] code_id:  | code_price:  | code_price_id:  | summary:  | uses:  | code_count: 0 
10-04-16 15:15:41 process_comp_code.php [1] POST Data - comp_code:  | reg_id:  | user_id:  | event_id:  
10-04-16 15:15:57 process_comp_code.php [1] POST Data - comp_code: SBB16 | reg_id: 1264 | user_id: 163 | event_id: 30 
10-04-16 15:15:57 process_comp_code.php [2] code_id:  | code_price:  | code_price_id:  | summary:  | uses:  | code_count: 0 
10-04-16 15:15:58 process_comp_code.php [1] POST Data - comp_code:  | reg_id:  | user_id:  | event_id:  
10-04-16 15:16:11 process_comp_code.php [1] POST Data - comp_code: SBB2015 | reg_id: 1264 | user_id: 163 | event_id: 30 
10-04-16 15:16:11 process_comp_code.php [2] code_id:  | code_price:  | code_price_id:  | summary:  | uses:  | code_count: 0 
10-04-16 15:16:12 process_comp_code.php [1] POST Data - comp_code:  | reg_id:  | user_id:  | event_id:  
10-04-16 15:16:21 process_comp_code.php [1] POST Data - comp_code: SBB15 | reg_id: 1264 | user_id: 163 | event_id: 30 
10-04-16 15:16:21 process_comp_code.php [2] code_id:  | code_price:  | code_price_id:  | summary:  | uses:  | code_count: 0 
10-04-16 15:16:22 process_comp_code.php [1] POST Data - comp_code:  | reg_id:  | user_id:  | event_id:  
10-04-16 15:16:34 process_comp_code.php [1] POST Data - comp_code: MHB16 | reg_id: 1264 | user_id: 163 | event_id: 30 
10-04-16 15:16:34 process_comp_code.php [2] code_id:  | code_price:  | code_price_id:  | summary:  | uses:  | code_count: 0 
10-04-16 15:16:35 process_comp_code.php [1] POST Data - comp_code:  | reg_id:  | user_id:  | event_id:  
10-04-16 15:16:41 process_comp_code.php [1] POST Data - comp_code: MHB2016 | reg_id: 1264 | user_id: 163 | event_id: 30 
10-04-16 15:16:41 process_comp_code.php [2] code_id:  | code_price:  | code_price_id:  | summary:  | uses:  | code_count: 0 
10-04-16 15:16:42 process_comp_code.php [1] POST Data - comp_code:  | reg_id:  | user_id:  | event_id:  
10-04-16 23:20:48 process_user.php File used to process a user1583 
10-05-16 01:45:11 process_user.php File used to process a user1584 
10-05-16 15:14:38 process_user.php File used to process a user1585 
10-05-16 18:33:23 process_user.php File used to process a user1586 
10-07-16 15:06:23 process_user.php File used to process a user1419 
10-07-16 19:51:05 process_user.php File used to process a user1587 
10-07-16 19:53:16 process_user.php File used to process a user1588 
10-08-16 19:17:15 process_user.php File used to process a user1589 
10-08-16 19:43:04 process_user.php File used to process a user646 
10-09-16 12:56:35 process_user.php File used to process a user1590 
10-09-16 15:04:37 process_user.php File used to process a user1360 
10-09-16 21:03:17 process_user.php File used to process a user843 
10-10-16 01:26:10 process_user.php File used to process a user198 
10-10-16 22:52:20 process_user.php File used to process a user231 
10-11-16 02:57:34 process_user.php File used to process a user1417 
10-11-16 11:17:23 process_user.php File used to process a user1591 
10-11-16 11:27:50 process_user.php File used to process a user1592 
10-11-16 17:01:23 process_user.php File used to process a user1593 
10-11-16 17:03:27 process_user.php File used to process a user556 
10-11-16 17:03:37 process_comp_code.php [1] POST Data - comp_code: EsteemedGuests16 | reg_id: 1283 | user_id: 556 | event_id: 28 
10-11-16 17:03:37 process_comp_code.php [2] code_id: 69 | code_price: 0.00 | code_price_id: 140 | summary: Comp Code for Chris/Amanda | uses: 1 | code_count: 1 
10-11-16 17:03:38 process_comp_code.php [1] POST Data - comp_code:  | reg_id:  | user_id:  | event_id:  
10-11-16 17:04:07 process_comp_code.php [1] POST Data - comp_code:  | reg_id:  | user_id:  | event_id:  
10-11-16 17:04:12 process_comp_code.php [1] POST Data - comp_code: EsteemedGuests16 | reg_id: 1283 | user_id: 556 | event_id: 28 
10-11-16 17:04:12 process_comp_code.php [2] code_id: 69 | code_price: 0.00 | code_price_id: 140 | summary: Comp Code for Chris/Amanda | uses: 1 | code_count: 1 
10-11-16 17:04:13 process_comp_code.php [1] POST Data - comp_code:  | reg_id:  | user_id:  | event_id:  
10-11-16 20:00:46 process_comp_code.php [1] POST Data - comp_code: EsteemedGuests16 | reg_id: 1283 | user_id: 556 | event_id: 28 
10-11-16 20:00:46 process_comp_code.php [2] code_id: 69 | code_price: 0.00 | code_price_id: 140 | summary: Comp Code for Chris/Amanda | uses: 2 | code_count: 1 
10-11-16 20:00:46 process_comp_code.php [3] price: 0.00 | valid_code: 69 | item: Comp Code for Chris/Amanda Comp for given event (28). | status: Comped-Comp Code for Chris/Amanda 
10-11-16 20:00:46 process_comp_code.php [4] Valid Code applied to registration 
10-11-16 20:00:47 process_comp_code.php [1] POST Data - comp_code:  | reg_id:  | user_id:  | event_id:  
10-13-16 09:20:11 process_user.php File used to process a user1488 
10-13-16 19:56:36 process_user.php File used to process a user1594 
10-14-16 00:33:28 process_user.php File used to process a user1595 
10-14-16 18:21:21 process_user.php File used to process a user1596 
10-14-16 19:52:27 process_user.php File used to process a user1361 
12-13-16 12:20:51 process_user.php File used to process a user3 
12-13-16 12:26:35 process_user.php File used to process a user1425 
12-13-16 13:02:28 process_user.php File used to process a user1499 
12-13-16 21:43:00 process_user.php File used to process a user593 
12-13-16 22:56:15 process_user.php File used to process a user1597 
12-14-16 09:17:08 process_user.php File used to process a user395 
12-14-16 14:10:37 process_user.php File used to process a user24 
12-14-16 19:19:28 process_user.php File used to process a user1433 
12-22-16 09:30:41 process_user.php File used to process a user828 
12-28-16 13:37:32 process_user.php File used to process a user1598 
01-02-17 22:25:26 process_user.php File used to process a user35 
01-06-17 12:36:29 process_comp_code.php [1] POST Data - comp_code: 10timesalablove | reg_id: 1299 | user_id: 35 | event_id: 31 
01-06-17 12:36:29 process_comp_code.php [2] code_id: 70 | code_price: 0.00 | code_price_id: 161 | summary: LaBLove 2017 Comped Pass | uses: 0 | code_count: 4 
01-06-17 12:36:29 process_comp_code.php [3] price: 0.00 | valid_code: 70 | item: LaBLove 2017 Comped Pass Comp for given event (31). | status: Comped-LaBLove 2017 Comped Pass 
01-06-17 12:36:29 process_comp_code.php [4] Valid Code applied to registration 
01-06-17 12:36:32 process_comp_code.php [1] POST Data - comp_code:  | reg_id:  | user_id:  | event_id:  
01-08-17 22:07:56 process_user.php File used to process a user1599 
01-10-17 13:34:22 process_user.php File used to process a user1600 
01-10-17 21:07:11 process_user.php File used to process a user1487 
01-13-17 08:30:42 process_user.php File used to process a user1601 
01-13-17 20:45:38 process_user.php File used to process a user1459 
01-16-17 00:01:01 process_user.php File used to process a user85 
01-17-17 14:09:38 process_user.php File used to process a user1602 
01-17-17 16:48:36 process_user.php File used to process a user17 
01-17-17 18:09:44 process_user.php File used to process a user1603 
01-17-17 20:33:05 process_user.php File used to process a user1604 
01-20-17 09:54:30 process_user.php File used to process a user1605 
01-21-17 10:12:42 process_user.php File used to process a user1606 
01-21-17 18:28:19 process_user.php File used to process a user1411 
01-22-17 13:01:53 process_user.php File used to process a user1607 
01-22-17 21:16:16 process_user.php File used to process a user728 
01-22-17 22:29:24 process_user.php File used to process a user1608 
01-23-17 20:38:22 process_user.php File used to process a user1609 
01-23-17 23:19:32 process_user.php File used to process a user198 
01-24-17 16:55:50 process_user.php File used to process a user328 
01-24-17 18:24:50 process_user.php File used to process a user304 
01-25-17 01:06:02 process_user.php File used to process a user176 
01-27-17 12:18:39 process_user.php File used to process a user1610 
01-27-17 15:59:24 process_user.php File used to process a user1453 
01-29-17 21:20:06 process_user.php File used to process a user1431 
01-30-17 12:31:52 process_user.php File used to process a user1611 
01-31-17 17:49:07 process_user.php File used to process a user55 
02-01-17 22:53:02 process_user.php File used to process a user1612 
02-03-17 10:36:08 process_user.php File used to process a user1613 
02-05-17 19:48:15 process_user.php File used to process a user1614 
02-06-17 11:42:27 process_user.php File used to process a user1615 
02-06-17 12:17:59 process_user.php File used to process a user1616 
02-06-17 14:09:45 process_user.php File used to process a user1617 
02-06-17 21:47:53 process_user.php File used to process a user1618 
02-08-17 15:35:33 process_user.php File used to process a user1619 
02-08-17 15:44:32 process_user.php File used to process a user1620 
02-09-17 12:15:38 process_user.php File used to process a user1530 
02-09-17 13:17:22 process_user.php File used to process a user1621 
02-10-17 12:28:00 process_user.php File used to process a user1622 
02-10-17 16:15:22 process_user.php File used to process a user1623 
02-10-17 18:16:50 process_user.php File used to process a user28 
02-12-17 09:41:59 process_user.php File used to process a user1624 
02-12-17 11:42:52 process_user.php File used to process a user1403 
02-13-17 23:16:02 process_user.php File used to process a user1625 
02-13-17 23:27:43 process_comp_code.php [1] POST Data - comp_code: 1342 | reg_id: 1342 | user_id: 1625 | event_id: 31 
02-13-17 23:27:43 process_comp_code.php [2] code_id:  | code_price:  | code_price_id:  | summary:  | uses:  | code_count: 0 
02-13-17 23:27:47 process_comp_code.php [1] POST Data - comp_code:  | reg_id:  | user_id:  | event_id:  
02-14-17 02:50:09 process_comp_code.php [1] POST Data - comp_code:  | reg_id:  | user_id:  | event_id:  
02-14-17 02:50:20 process_comp_code.php [1] POST Data - comp_code:  | reg_id:  | user_id:  | event_id:  
02-14-17 09:39:24 process_user.php File used to process a user1626 
02-14-17 12:04:36 process_user.php File used to process a user1488 
02-14-17 20:49:19 process_user.php File used to process a user1627 
02-14-17 21:11:53 process_user.php File used to process a user1628 
02-15-17 12:43:40 process_user.php File used to process a user65 
02-15-17 14:08:08 process_user.php File used to process a user1629 
02-15-17 23:03:07 process_user.php File used to process a user1404 
02-17-17 12:13:52 process_user.php File used to process a user50 
02-17-17 12:43:25 process_user.php File used to process a user1630 
02-17-17 13:35:04 process_user.php File used to process a user39 
02-18-17 10:05:18 process_user.php File used to process a user1631 
02-18-17 12:47:10 process_user.php File used to process a user1429 
02-19-17 12:35:27 process_user.php File used to process a user1508 
02-19-17 17:36:23 process_user.php File used to process a user1632 
02-19-17 17:59:27 process_user.php File used to process a user1633 
02-20-17 07:45:30 process_user.php File used to process a user394 
02-20-17 08:27:14 process_user.php File used to process a user1634 
02-20-17 10:40:02 process_user.php File used to process a user1635 
02-20-17 10:46:54 process_user.php File used to process a user1636 
02-20-17 10:47:23 process_user.php File used to process a user33 
02-20-17 13:45:59 process_user.php File used to process a user1637 
02-21-17 00:14:31 process_user.php File used to process a user1638 
02-21-17 08:39:00 process_user.php File used to process a user1639 
02-21-17 13:32:36 process_user.php File used to process a user1640 
02-21-17 14:40:32 process_user.php File used to process a user1413 
02-21-17 19:00:36 process_user.php File used to process a user1641 
02-21-17 19:53:30 process_user.php File used to process a user1642 
02-21-17 23:18:59 process_user.php File used to process a user1643 
02-21-17 23:38:07 process_user.php File used to process a user296 
02-22-17 11:04:07 process_user.php File used to process a user1644 
02-22-17 11:45:32 process_user.php File used to process a user1645 
02-22-17 18:08:31 process_user.php File used to process a user1646 
02-22-17 21:26:05 process_user.php File used to process a user1647 
02-22-17 22:01:48 process_user.php File used to process a user1648 
02-23-17 10:26:13 process_user.php File used to process a user1649 
02-23-17 12:24:51 process_user.php File used to process a user1296 
02-23-17 12:46:56 process_user.php File used to process a user1412 
02-23-17 15:13:52 process_user.php File used to process a user1650 
02-23-17 15:36:16 process_user.php File used to process a user1360 
02-23-17 18:00:33 process_user.php File used to process a user1533 
02-23-17 18:18:35 process_user.php File used to process a user1651 
02-23-17 18:18:44 process_user.php File used to process a user1473 
02-23-17 18:32:44 process_user.php File used to process a user1652 
02-23-17 18:47:18 process_user.php File used to process a user1653 
02-23-17 19:00:14 process_user.php File used to process a user1654 
02-23-17 19:02:56 process_user.php File used to process a user1655 
02-23-17 19:31:21 process_user.php File used to process a user1656 
02-23-17 19:45:17 process_user.php File used to process a user1657 
